<?xml version="1.0" encoding="UTF-8"?><testsuite failures="0" name="cucumber.runtime.formatter.JUnitFormatter" skipped="0" tests="1" time="59.840364">
<testcase classname="Deal data creation" name="Deal data creation sceanario using datatables" time="59.840364">
<system-out><![CDATA[Given User is already on login page.........................................passed
Then title of the login page is Free CRM....................................passed
Then User enters username and password......................................passed
Then user click on login button.............................................passed
Then user is on homepage....................................................passed
Then user moves to new Deals page...........................................passed
Then user enters deal details...............................................passed
Then user close the browser.................................................passed
]]></system-out>
</testcase>
</testsuite>
